<?xml version="1.0" encoding="UTF-8"?>
<testng-results ignored="0" total="1" passed="1" failed="0" skipped="0">
  <reporter-output>
  </reporter-output>
  <suite started-at="2023-05-11T00:09:50 IST" name="Default suite" finished-at="2023-05-11T00:10:15 IST" duration-ms="24408">
    <groups>
    </groups>
    <test started-at="2023-05-11T00:09:50 IST" name="Default test" finished-at="2023-05-11T00:10:15 IST" duration-ms="24408">
      <class name="orangehrm.testcases.OrangeHrmTest">
        <test-method is-config="true" signature="launchApp()[pri:0, instance:orangehrm.testcases.OrangeHrmTest@14555e0a]" started-at="2023-05-11T00:09:47 IST" name="launchApp" finished-at="2023-05-11T00:09:50 IST" duration-ms="3233" status="PASS">
          <reporter-output>
          </reporter-output>
        </test-method> <!-- launchApp -->
        <test-method signature="checkOrangeHrm()[pri:0, instance:orangehrm.testcases.OrangeHrmTest@14555e0a]" started-at="2023-05-11T00:09:51 IST" name="checkOrangeHrm" finished-at="2023-05-11T00:10:15 IST" duration-ms="24357" status="PASS">
          <reporter-output>
          </reporter-output>
        </test-method> <!-- checkOrangeHrm -->
        <test-method is-config="true" signature="closeApp()[pri:0, instance:orangehrm.testcases.OrangeHrmTest@14555e0a]" started-at="2023-05-11T00:10:15 IST" name="closeApp" finished-at="2023-05-11T00:10:15 IST" duration-ms="265" status="PASS">
          <reporter-output>
          </reporter-output>
        </test-method> <!-- closeApp -->
      </class> <!-- orangehrm.testcases.OrangeHrmTest -->
    </test> <!-- Default test -->
  </suite> <!-- Default suite -->
</testng-results>
