<?xml version="1.0" encoding="UTF-8"?>
<testng-results ignored="0" total="1" passed="1" failed="0" skipped="0">
  <reporter-output>
  </reporter-output>
  <suite started-at="2023-05-08T11:35:42 IST" name="OrangeHRM Hybrid suite" finished-at="2023-05-08T11:35:59 IST" duration-ms="16520">
    <groups>
    </groups>
    <test started-at="2023-05-08T11:35:42 IST" name="Admin login with valid data" finished-at="2023-05-08T11:35:59 IST" duration-ms="16520">
      <class name="orangehrm.testcases.OrangeHrmTest">
        <test-method is-config="true" signature="launchApp()[pri:0, instance:orangehrm.testcases.OrangeHrmTest@33990a0c]" started-at="2023-05-08T11:35:39 IST" name="launchApp" finished-at="2023-05-08T11:35:42 IST" duration-ms="3447" status="PASS">
          <reporter-output>
          </reporter-output>
        </test-method> <!-- launchApp -->
        <test-method signature="checkOrangeHrm()[pri:0, instance:orangehrm.testcases.OrangeHrmTest@33990a0c]" started-at="2023-05-08T11:35:42 IST" name="checkOrangeHrm" finished-at="2023-05-08T11:35:59 IST" duration-ms="16487" status="PASS">
          <reporter-output>
          </reporter-output>
        </test-method> <!-- checkOrangeHrm -->
        <test-method is-config="true" signature="closeApp()[pri:0, instance:orangehrm.testcases.OrangeHrmTest@33990a0c]" started-at="2023-05-08T11:35:59 IST" name="closeApp" finished-at="2023-05-08T11:35:59 IST" duration-ms="143" status="PASS">
          <reporter-output>
          </reporter-output>
        </test-method> <!-- closeApp -->
      </class> <!-- orangehrm.testcases.OrangeHrmTest -->
    </test> <!-- Admin login with valid data -->
  </suite> <!-- OrangeHRM Hybrid suite -->
</testng-results>
